00:04:19.040 [main] DEBUG org.testng.TestNG - suiteXmlPath: "D:\Automation Framework\OpenCart\master.xml"
00:04:19.794 [main] INFO  org.testng.internal.Utils - [TestNG] Running:
  D:\Automation Framework\OpenCart\master.xml

00:04:34.004 [main] INFO  testCases.TC_AccountRegisterPositiveTests - Navigated to Registration page.
00:04:36.342 [main] INFO  testCases.TC_AccountRegisterPositiveTests - Positive registration test passed.
00:04:48.944 [main] INFO  testCases.TC_AccountRegisterPositiveTests - Navigated to Registration page.
00:04:51.217 [main] INFO  testCases.TC_AccountRegisterPositiveTests - Password matching test passed.
00:04:58.154 [main] INFO  testCases.TC_AccountRegisterNegativeTests - Navigated to Registration page.
00:04:58.795 [main] INFO  testCases.TC_AccountRegisterNegativeTests - First Name alert validation passed.
00:04:58.827 [main] INFO  testCases.TC_AccountRegisterNegativeTests - Last Name alert validation passed.
00:04:58.855 [main] INFO  testCases.TC_AccountRegisterNegativeTests - Email alert validation passed.
00:04:58.885 [main] INFO  testCases.TC_AccountRegisterNegativeTests - Telephone alert validation passed.
00:04:58.917 [main] INFO  testCases.TC_AccountRegisterNegativeTests - Password alert validation passed.
00:05:06.047 [main] INFO  testCases.TC_AccountRegisterNegativeTests - Navigated to Registration page.
00:05:07.587 [main] INFO  testCases.TC_AccountRegisterNegativeTests - First Name alert validation passed.
00:05:14.319 [main] INFO  testCases.TC_AccountRegisterNegativeTests - Navigated to Registration page.
00:05:16.252 [main] INFO  testCases.TC_AccountRegisterNegativeTests - Last Name alert validation passed.
00:05:23.461 [main] INFO  testCases.TC_AccountRegisterNegativeTests - Navigated to Registration page.
00:05:24.995 [main] INFO  testCases.TC_AccountRegisterNegativeTests - Email alert validation passed.
00:05:30.266 [main] INFO  testCases.TC_AccountRegisterNegativeTests - Navigated to Registration page.
00:05:31.982 [main] INFO  testCases.TC_AccountRegisterNegativeTests - Telephone alert validation passed.
00:05:36.980 [main] INFO  testCases.TC_AccountRegisterNegativeTests - Navigated to Registration page.
00:05:38.585 [main] INFO  testCases.TC_AccountRegisterNegativeTests - Password alert validation passed.
00:05:44.731 [main] INFO  testCases.TC_AccountRegisterNegativeTests - Navigated to Registration page.
00:05:46.912 [main] INFO  testCases.TC_AccountRegisterNegativeTests - Password and Confirm Password alert validation passed.
